----------------------------------------------------------
Time:Fri May 29 21:23:20 2015

Window	Total customer	Total time	Average time
1	2		22		11.00
2	8		263		32.88
3	1		27		27.00
4	1		30		30.00
5	10		266		26.60
6	7		272		38.86
7	10		240		24.00
8	6		208		34.67

Total ordinary customer:37
Total vip customer:8
----------------------------------------------------------

----------------------------------------------------------
Time:Fri May 29 21:31:25 2015

Window	Total customer	Total time	Average time
1	5		122		24.40
2	0		0		0.00
3	6		149		24.83
4	6		156		26.00
5	4		142		35.50
6	3		93		31.00
7	2		75		37.50
8	2		61		30.50

Total ordinary customer:28
Total vip customer:0
----------------------------------------------------------

----------------------------------------------------------
Time:Fri May 29 21:34:57 2015

Window	Total customer	Total time	Average time
1	7		145		20.71
2	0		0		0.00
3	4		132		33.00
4	5		107		21.40
5	4		111		27.75
6	3		99		33.00
7	2		75		37.50
8	2		99		49.50

Total ordinary customer:27
Total vip customer:0
----------------------------------------------------------

----------------------------------------------------------
Time:Fri May 29 21:44:18 2015

Window	Total customer	Total time	Average time
1	1		10		10.00
2	0		0		0.00
3	1		27		27.00
4	0		0		0.00
5	0		0		0.00
6	0		0		0.00
7	0		0		0.00
8	0		0		0.00

Total ordinary customer:2
Total vip customer:0
----------------------------------------------------------

